<?xml version="1.0" encoding="UTF-8"?>
<coverage generated="1680636152642" clover="3.2.0">
  <project timestamp="1680636152643" name="All files">
    <metrics statements="18" coveredstatements="17" conditionals="4" coveredconditionals="3" methods="8" coveredmethods="8" elements="30" coveredelements="28" complexity="0" loc="18" ncloc="18" packages="1" files="4" classes="4"/>
    <file name="calculator.js" path="/home/hope/Desktop/Projects/Module2/week3/Testing-Practice/calculator.js">
      <metrics statements="6" coveredstatements="6" conditionals="0" coveredconditionals="0" methods="5" coveredmethods="5"/>
      <line num="6" count="2" type="stmt"/>
      <line num="7" count="2" type="stmt"/>
      <line num="8" count="2" type="stmt"/>
      <line num="9" count="2" type="stmt"/>
      <line num="12" count="1" type="stmt"/>
      <line num="13" count="1" type="stmt"/>
    </file>
    <file name="capitalize.js" path="/home/hope/Desktop/Projects/Module2/week3/Testing-Practice/capitalize.js">
      <metrics statements="5" coveredstatements="5" conditionals="0" coveredconditionals="0" methods="1" coveredmethods="1"/>
      <line num="2" count="1" type="stmt"/>
      <line num="3" count="1" type="stmt"/>
      <line num="4" count="1" type="stmt"/>
      <line num="6" count="1" type="stmt"/>
      <line num="9" count="1" type="stmt"/>
    </file>
    <file name="reverseString.js" path="/home/hope/Desktop/Projects/Module2/week3/Testing-Practice/reverseString.js">
      <metrics statements="2" coveredstatements="2" conditionals="0" coveredconditionals="0" methods="1" coveredmethods="1"/>
      <line num="1" count="2" type="stmt"/>
      <line num="2" count="1" type="stmt"/>
    </file>
    <file name="stringCounter.js" path="/home/hope/Desktop/Projects/Module2/week3/Testing-Practice/stringCounter.js">
      <metrics statements="5" coveredstatements="4" conditionals="4" coveredconditionals="3" methods="1" coveredmethods="1"/>
      <line num="1" count="1" type="stmt"/>
      <line num="2" count="2" type="cond" truecount="3" falsecount="1"/>
      <line num="3" count="0" type="stmt"/>
      <line num="5" count="2" type="stmt"/>
      <line num="8" count="1" type="stmt"/>
    </file>
  </project>
</coverage>
