{"/home/hope/Desktop/Projects/Module2/week3/Testing-Practice/calculator.js": {"path":"/home/hope/Desktop/Projects/Module2/week3/Testing-Practice/calculator.js","statementMap":{"0":{"start":{"line":6,"column":8},"end":{"line":6,"column":18}},"1":{"start":{"line":6,"column":15},"end":{"line":6,"column":18}},"2":{"start":{"line":7,"column":13},"end":{"line":7,"column":23}},"3":{"start":{"line":7,"column":20},"end":{"line":7,"column":23}},"4":{"start":{"line":8,"column":13},"end":{"line":8,"column":23}},"5":{"start":{"line":8,"column":20},"end":{"line":8,"column":23}},"6":{"start":{"line":9,"column":11},"end":{"line":9,"column":21}},"7":{"start":{"line":9,"column":18},"end":{"line":9,"column":21}},"8":{"start":{"line":12,"column":11},"end":{"line":12,"column":25}},"9":{"start":{"line":13,"column":0},"end":{"line":13,"column":20}}},"fnMap":{"0":{"name":"(anonymous_0)","decl":{"start":{"line":2,"column":4},"end":{"line":2,"column":5}},"loc":{"start":{"line":3,"column":4},"end":{"line":5,"column":5}},"line":3},"1":{"name":"(anonymous_1)","decl":{"start":{"line":6,"column":8},"end":{"line":6,"column":9}},"loc":{"start":{"line":6,"column":15},"end":{"line":6,"column":18}},"line":6},"2":{"name":"(anonymous_2)","decl":{"start":{"line":7,"column":13},"end":{"line":7,"column":14}},"loc":{"start":{"line":7,"column":20},"end":{"line":7,"column":23}},"line":7},"3":{"name":"(anonymous_3)","decl":{"start":{"line":8,"column":13},"end":{"line":8,"column":14}},"loc":{"start":{"line":8,"column":20},"end":{"line":8,"column":23}},"line":8},"4":{"name":"(anonymous_4)","decl":{"start":{"line":9,"column":11},"end":{"line":9,"column":12}},"loc":{"start":{"line":9,"column":18},"end":{"line":9,"column":21}},"line":9}},"branchMap":{},"s":{"0":1,"1":2,"2":1,"3":2,"4":1,"5":2,"6":1,"7":2,"8":1,"9":1},"f":{"0":1,"1":2,"2":2,"3":2,"4":2},"b":{},"_coverageSchema":"1a1c01bbd47fc00a2c39e90264f33305004495a9","hash":"b7147449868e58354c741442b432c242890f4e87"}
,"/home/hope/Desktop/Projects/Module2/week3/Testing-Practice/capitalize.js": {"path":"/home/hope/Desktop/Projects/Module2/week3/Testing-Practice/capitalize.js","statementMap":{"0":{"start":{"line":2,"column":16},"end":{"line":2,"column":30}},"1":{"start":{"line":3,"column":4},"end":{"line":5,"column":5}},"2":{"start":{"line":3,"column":17},"end":{"line":3,"column":18}},"3":{"start":{"line":4,"column":6},"end":{"line":4,"column":63}},"4":{"start":{"line":6,"column":4},"end":{"line":6,"column":27}},"5":{"start":{"line":9,"column":2},"end":{"line":9,"column":28}}},"fnMap":{"0":{"name":"capitalize","decl":{"start":{"line":1,"column":9},"end":{"line":1,"column":19}},"loc":{"start":{"line":1,"column":25},"end":{"line":7,"column":3}},"line":1}},"branchMap":{},"s":{"0":1,"1":1,"2":1,"3":1,"4":1,"5":1},"f":{"0":1},"b":{},"_coverageSchema":"1a1c01bbd47fc00a2c39e90264f33305004495a9","hash":"b500201433598cfadcc1e3ee4a72925cfffbc487"}
,"/home/hope/Desktop/Projects/Module2/week3/Testing-Practice/reverseString.js": {"path":"/home/hope/Desktop/Projects/Module2/week3/Testing-Practice/reverseString.js","statementMap":{"0":{"start":{"line":1,"column":20},"end":{"line":1,"column":65}},"1":{"start":{"line":1,"column":30},"end":{"line":1,"column":65}},"2":{"start":{"line":2,"column":0},"end":{"line":2,"column":29}}},"fnMap":{"0":{"name":"(anonymous_0)","decl":{"start":{"line":1,"column":20},"end":{"line":1,"column":21}},"loc":{"start":{"line":1,"column":30},"end":{"line":1,"column":65}},"line":1}},"branchMap":{},"s":{"0":1,"1":2,"2":1},"f":{"0":2},"b":{},"_coverageSchema":"1a1c01bbd47fc00a2c39e90264f33305004495a9","hash":"e7ef25b5697cc81a318e9882d458cba36df00871"}
,"/home/hope/Desktop/Projects/Module2/week3/Testing-Practice/stringCounter.js": {"path":"/home/hope/Desktop/Projects/Module2/week3/Testing-Practice/stringCounter.js","statementMap":{"0":{"start":{"line":1,"column":22},"end":{"line":6,"column":3}},"1":{"start":{"line":2,"column":4},"end":{"line":4,"column":5}},"2":{"start":{"line":3,"column":6},"end":{"line":3,"column":75}},"3":{"start":{"line":5,"column":4},"end":{"line":5,"column":22}},"4":{"start":{"line":8,"column":2},"end":{"line":8,"column":33}}},"fnMap":{"0":{"name":"(anonymous_0)","decl":{"start":{"line":1,"column":22},"end":{"line":1,"column":23}},"loc":{"start":{"line":1,"column":31},"end":{"line":6,"column":3}},"line":1}},"branchMap":{"0":{"loc":{"start":{"line":2,"column":4},"end":{"line":4,"column":5}},"type":"if","locations":[{"start":{"line":2,"column":4},"end":{"line":4,"column":5}},{"start":{},"end":{}}],"line":2},"1":{"loc":{"start":{"line":2,"column":8},"end":{"line":2,"column":45}},"type":"binary-expr","locations":[{"start":{"line":2,"column":9},"end":{"line":2,"column":23}},{"start":{"line":2,"column":29},"end":{"line":2,"column":44}}],"line":2}},"s":{"0":1,"1":2,"2":0,"3":2,"4":1},"f":{"0":2},"b":{"0":[0,2],"1":[2,2]},"_coverageSchema":"1a1c01bbd47fc00a2c39e90264f33305004495a9","hash":"99ea190491ad76649e6a9f918799edbf0ac1510b"}
}
